Terraform used the selected providers to generate the following execution
plan. Resource actions are indicated with the following symbols:
  + create
  ~ update in-place
  - destroy
-/+ destroy and then create replacement

Terraform will perform the following actions:

  # aws_cloudwatch_log_group.fraud_prod will be created
  + resource "aws_cloudwatch_log_group" "fraud_prod" {
      + name              = "/ecs/fraud-prod"
      + retention_in_days = 7
      + skip_destroy      = false
      + tags              = {
          Name        = "fraud-prod"
          Environment = "prod"
          Team        = "payments"
          ManagedBy   = "terraform"
      }
      + tags_all          = {
          Name        = "fraud-prod"
          Environment = "prod"
          Team        = "payments"
          ManagedBy   = "terraform"
      }
      + id                = (known after apply)
      + arn               = (known after apply)
      + log_group_class   = (known after apply)
    }

  # aws_lambda_function.webhook_staging will be created
  + resource "aws_lambda_function" "webhook_staging" {
      + function_name    = "webhook-staging"
      + runtime          = "python3.12"
      + handler          = "index.handler"
      + memory_size      = 1024
      + timeout          = 300
      + architectures    = ["arm64"]
      + environment      = [
          {
              variables = {
                  LOG_LEVEL = "info"
                  STAGE     = "staging"
              }
          },
      ]
      + tags             = {
          Name        = "webhook-staging"
          Environment = "prod"
          Team        = "streaming"
          ManagedBy   = "terraform"
      }
      + tags_all         = {
          Name        = "webhook-staging"
          Environment = "prod"
          Team        = "streaming"
          ManagedBy   = "terraform"
      }
      + id               = (known after apply)
      + arn              = (known after apply)
      + qualified_arn    = (known after apply)
      + version          = (known after apply)
      + last_modified    = (known after apply)
      + source_code_hash = (known after apply)
      + invoke_arn       = (known after apply)
    }

  # aws_security_group.auth_dev will be created
  + resource "aws_security_group" "auth_dev" {
      + name        = "auth-dev"
      + description = "Security group for auth-dev"
      + vpc_id      = "vpc-04f2a492"
      + ingress     = [
          {
              from_port   = 443
              to_port     = 443
              protocol    = "tcp"
              cidr_blocks = ["0.0.0.0/0"]
              description = "HTTPS"
          },
      ]
      + egress      = [
          {
              from_port   = 0
              to_port     = 0
              protocol    = "-1"
              cidr_blocks = ["0.0.0.0/0"]
          },
      ]
      + tags        = {
          Name        = "auth-dev"
          Environment = "staging"
          Team        = "payments"
          ManagedBy   = "terraform"
      }
      + tags_all    = {
          Name        = "auth-dev"
          Environment = "staging"
          Team        = "payments"
          ManagedBy   = "terraform"
      }
      + id          = (known after apply)
      + arn         = (known after apply)
      + owner_id    = (known after apply)
    }

  # module.identity.aws_iam_role.notify_staging will be created
  + resource "aws_iam_role" "notify_staging" {
      + name                  = "notify-staging"
      + path                  = "/"
      + max_session_duration  = 3600
      + assume_role_policy    = "{\"Version\": \"2012-10-17\", \"Statement\": [{\"Effect\": \"Allow\", \"Principal\": {\"Service\": \"ecs-tasks.amazonaws.com\"}, \"Action\": \"sts:AssumeRole\"}]}"
      + force_detach_policies = false
      + tags                  = {
          Name        = "notify-staging"
          Environment = "prod"
          Team        = "web"
          ManagedBy   = "terraform"
      }
      + tags_all              = {
          Name        = "notify-staging"
          Environment = "prod"
          Team        = "web"
          ManagedBy   = "terraform"
      }
      + id                    = (known after apply)
      + arn                   = (known after apply)
      + unique_id             = (known after apply)
      + create_date           = (known after apply)
    }

  # module.identity.kubernetes_deployment.auth_prod will be created
  + resource "kubernetes_deployment" "auth_prod" {
      + metadata = [
          {
              name      = "auth-prod"
              namespace = "default"
          },
      ]
      + spec     = [
          {
              replicas = "3"
              selector = [
                  {
                      match_labels = {
                          app = "auth-prod"
                      }
                  },
              ]
              template = [
                  {
                      spec = [
                          {
                              container = [
                                  {
                                      name      = "auth-prod"
                                      image     = "ghcr.io/acme/auth-prod:1.19.0"
                                      resources = [
                                          {
                                              limits = {
                                                  cpu    = "500m"
                                                  memory = "512Mi"
                                              }
                                          },
                                      ]
                                  },
                              ]
                          },
                      ]
                  },
              ]
          },
      ]
      + id       = (known after apply)
    }

  # module.payments.aws_rds_cluster.gateway_prod will be created
  + resource "aws_rds_cluster" "gateway_prod" {
      + cluster_identifier      = "gateway-prod"
      + engine                  = "aurora-postgresql"
      + engine_version          = "8.0.mysql_aurora.3.05.2"
      + database_name           = "gateway_prod"
      + master_username         = "admin"
      + backup_retention_period = 30
      + storage_encrypted       = true
      + deletion_protection     = true
      + tags                    = {
          Name        = "gateway-prod"
          Environment = "dev"
          Team        = "data"
          ManagedBy   = "terraform"
      }
      + tags_all                = {
          Name        = "gateway-prod"
          Environment = "dev"
          Team        = "data"
          ManagedBy   = "terraform"
      }
      + id                      = (known after apply)
      + arn                     = (known after apply)
      + endpoint                = (known after apply)
      + reader_endpoint         = (known after apply)
      + cluster_resource_id     = (known after apply)
      + cluster_members         = (known after apply)
    }

  # aws_dynamodb_table.recommend_dev will be updated in-place
  ~ resource "aws_dynamodb_table" "recommend_dev" {
      ~ billing_mode = "PAY_PER_REQUEST" -> "PAY_PER_REQUEST-v2"
      ~ range_key    = "sk" -> "sk-v2"
      ~ tags         = {
          Name        = "recommend-dev"
          Environment = "staging"
          Team        = "platform"
          ManagedBy   = "terraform"
      } -> {
          Name        = "recommend-dev"
          Environment = "staging"
          Team        = "platform"
          ManagedBy   = "terraform"
          Version     = "v2"
      }
      ~ tags_all     = {
          Name        = "recommend-dev"
          Environment = "staging"
          Team        = "platform"
          ManagedBy   = "terraform"
      } -> {
          Name        = "recommend-dev"
          Environment = "staging"
          Team        = "platform"
          ManagedBy   = "terraform"
          Version     = "v2"
      }
      # (5 unchanged attributes hidden)
    }

  # aws_instance.media_staging will be updated in-place
  ~ resource "aws_instance" "media_staging" {
      ~ ami           = "ami-00696d01" -> "ami-00696d01-v2"
      ~ instance_type = "c5.xlarge" -> "c5.xlarge-v2"
      ~ monitoring    = true -> false
      ~ tags          = {
          Name        = "media-staging"
          Environment = "staging"
          Team        = "platform"
          ManagedBy   = "terraform"
      } -> {
          Name        = "media-staging"
          Environment = "staging"
          Team        = "platform"
          ManagedBy   = "terraform"
          Version     = "v2"
      }
      ~ tags_all      = {
          Name        = "media-staging"
          Environment = "staging"
          Team        = "platform"
          ManagedBy   = "terraform"
      } -> {
          Name        = "media-staging"
          Environment = "staging"
          Team        = "platform"
          ManagedBy   = "terraform"
          Version     = "v2"
      }
      # (3 unchanged attributes hidden)
    }

  # aws_lb.loyalty_dev will be updated in-place
  ~ resource "aws_lb" "loyalty_dev" {
      ~ internal     = false -> true
      ~ enable_http2 = true -> false
      ~ tags         = {
          Name        = "loyalty-dev"
          Environment = "prod"
          Team        = "data"
          ManagedBy   = "terraform"
      } -> {
          Name        = "loyalty-dev"
          Environment = "prod"
          Team        = "data"
          ManagedBy   = "terraform"
          Version     = "v2"
      }
      ~ tags_all     = {
          Name        = "loyalty-dev"
          Environment = "prod"
          Team        = "data"
          ManagedBy   = "terraform"
      } -> {
          Name        = "loyalty-dev"
          Environment = "prod"
          Team        = "data"
          ManagedBy   = "terraform"
          Version     = "v2"
      }
      # (5 unchanged attributes hidden)
    }

  # module.identity.aws_cloudwatch_log_group.orders_dev will be updated in-place
  ~ resource "aws_cloudwatch_log_group" "orders_dev" {
      ~ retention_in_days = 90 -> 45
      ~ skip_destroy      = false -> true
      ~ tags              = {
          Name        = "orders-dev"
          Environment = "dev"
          Team        = "data"
          ManagedBy   = "terraform"
      } -> {
          Name        = "orders-dev"
          Environment = "dev"
          Team        = "data"
          ManagedBy   = "terraform"
          Version     = "v2"
      }
      ~ tags_all          = {
          Name        = "orders-dev"
          Environment = "dev"
          Team        = "data"
          ManagedBy   = "terraform"
      } -> {
          Name        = "orders-dev"
          Environment = "dev"
          Team        = "data"
          ManagedBy   = "terraform"
          Version     = "v2"
      }
      # (2 unchanged attributes hidden)
    }

  # module.streaming.aws_security_group.profile_dev will be updated in-place
  ~ resource "aws_security_group" "profile_dev" {
      ~ description = "Security group for profile-dev" -> "Security group for profile-dev-v2"
      ~ vpc_id      = "vpc-01455887" -> "vpc-01455887-v2"
      ~ tags        = {
          Name        = "profile-dev"
          Environment = "staging"
          Team        = "web"
          ManagedBy   = "terraform"
      } -> {
          Name        = "profile-dev"
          Environment = "staging"
          Team        = "web"
          ManagedBy   = "terraform"
          Version     = "v2"
      }
      ~ tags_all    = {
          Name        = "profile-dev"
          Environment = "staging"
          Team        = "web"
          ManagedBy   = "terraform"
      } -> {
          Name        = "profile-dev"
          Environment = "staging"
          Team        = "web"
          ManagedBy   = "terraform"
          Version     = "v2"
      }
      # (4 unchanged attributes hidden)
    }

  # aws_rds_cluster.audit_staging must be replaced
  -/+ resource "aws_rds_cluster" "audit_staging" {
        cluster_identifier      = "audit-staging"
      ~ engine                  = "aurora-mysql" -> "aurora-mysql-v2" # forces replacement
        engine_version          = "15.4"
        database_name           = "audit_staging"
        master_username         = "admin"
        backup_retention_period = 7
      ~ storage_encrypted       = true -> false
        deletion_protection     = true
      ~ tags                    = {
          Name        = "audit-staging"
          Environment = "prod"
          Team        = "search"
          ManagedBy   = "terraform"
      } -> {
          Name        = "audit-staging"
          Environment = "prod"
          Team        = "search"
          ManagedBy   = "terraform"
          Version     = "v2"
      }
      ~ tags_all                = {
          Name        = "audit-staging"
          Environment = "prod"
          Team        = "search"
          ManagedBy   = "terraform"
      } -> {
          Name        = "audit-staging"
          Environment = "prod"
          Team        = "search"
          ManagedBy   = "terraform"
          Version     = "v2"
      }
      + id                      = (known after apply)
      + arn                     = (known after apply)
      + endpoint                = (known after apply)
      + reader_endpoint         = (known after apply)
      + cluster_resource_id     = (known after apply)
      + cluster_members         = (known after apply)
    }

  # module.streaming.aws_instance.orders_prod must be replaced
  -/+ resource "aws_instance" "orders_prod" {
      ~ ami                          = "ami-004c6979" -> "ami-004c6979-v2"
      ~ instance_type                = "t3.medium" -> "t3.medium-v2"
      ~ availability_zone            = "us-west-2b" -> "us-west-2b" # forces replacement
        monitoring                   = true
        root_block_device            = [
          {
              volume_size = 50
              volume_type = "gp3"
              encrypted   = true
          },
      ]
      ~ tags                         = {
          Name        = "orders-prod"
          Environment = "prod"
          Team        = "payments"
          ManagedBy   = "terraform"
      } -> {
          Name        = "orders-prod"
          Environment = "prod"
          Team        = "payments"
          ManagedBy   = "terraform"
          Version     = "v2"
      }
      ~ tags_all                     = {
          Name        = "orders-prod"
          Environment = "prod"
          Team        = "payments"
          ManagedBy   = "terraform"
      } -> {
          Name        = "orders-prod"
          Environment = "prod"
          Team        = "payments"
          ManagedBy   = "terraform"
          Version     = "v2"
      }
      + id                           = (known after apply)
      + arn                          = (known after apply)
      + private_ip                   = (known after apply)
      + public_ip                    = (known after apply)
      + primary_network_interface_id = (known after apply)
    }

  # module.web.aws_cloudwatch_log_group.profile_prod must be replaced
  -/+ resource "aws_cloudwatch_log_group" "profile_prod" {
      ~ name              = "/ecs/profile-prod" -> "/ecs/profile-prod" # forces replacement
      ~ retention_in_days = 90 -> 270
      ~ skip_destroy      = false -> true
      ~ tags              = {
          Name        = "profile-prod"
          Environment = "dev"
          Team        = "platform"
          ManagedBy   = "terraform"
      } -> {
          Name        = "profile-prod"
          Environment = "dev"
          Team        = "platform"
          ManagedBy   = "terraform"
          Version     = "v2"
      }
      ~ tags_all          = {
          Name        = "profile-prod"
          Environment = "dev"
          Team        = "platform"
          ManagedBy   = "terraform"
      } -> {
          Name        = "profile-prod"
          Environment = "dev"
          Team        = "platform"
          ManagedBy   = "terraform"
          Version     = "v2"
      }
      + id                = (known after apply)
      + arn               = (known after apply)
      + log_group_class   = (known after apply)
    }

  # aws_rds_cluster.media_dev will be destroyed
  - resource "aws_rds_cluster" "media_dev" {
      - cluster_identifier      = "media-dev" -> null
      - engine                  = "aurora-mysql" -> null
      - engine_version          = "16.1" -> null
      - database_name           = "media_dev" -> null
      - master_username         = "admin" -> null
      - backup_retention_period = 14 -> null
      - storage_encrypted       = true -> null
      - deletion_protection     = true -> null
      - tags                    = {
          Name        = "media-dev"
          Environment = "dev"
          Team        = "search"
          ManagedBy   = "terraform"
      } -> null
      - tags_all                = {
          Name        = "media-dev"
          Environment = "dev"
          Team        = "search"
          ManagedBy   = "terraform"
      } -> null
      - id                      = "media-dev-3814464" -> null
    }

  # kubernetes_deployment.analytics_prod will be destroyed
  - resource "kubernetes_deployment" "analytics_prod" {
      - metadata = [
          {
              name      = "analytics-prod"
              namespace = "apps"
          },
      ] -> null
      - spec     = [
          {
              replicas = "2"
              selector = [
                  {
                      match_labels = {
                          app = "analytics-prod"
                      }
                  },
              ]
              template = [
                  {
                      spec = [
                          {
                              container = [
                                  {
                                      name      = "analytics-prod"
                                      image     = "ghcr.io/acme/analytics-prod:1.17.0"
                                      resources = [
                                          {
                                              limits = {
                                                  cpu    = "500m"
                                                  memory = "512Mi"
                                              }
                                          },
                                      ]
                                  },
                              ]
                          },
                      ]
                  },
              ]
          },
      ] -> null
      - id       = "analytics-prod-8703161" -> null
    }

  # module.data.aws_security_group.shipping_staging will be destroyed
  - resource "aws_security_group" "shipping_staging" {
      - name        = "shipping-staging" -> null
      - description = "Security group for shipping-staging" -> null
      - vpc_id      = "vpc-0215a2bb" -> null
      - ingress     = [
          {
              from_port   = 443
              to_port     = 443
              protocol    = "tcp"
              cidr_blocks = ["0.0.0.0/0"]
              description = "HTTPS"
          },
      ] -> null
      - egress      = [
          {
              from_port   = 0
              to_port     = 0
              protocol    = "-1"
              cidr_blocks = ["0.0.0.0/0"]
          },
      ] -> null
      - tags        = {
          Name        = "shipping-staging"
          Environment = "dev"
          Team        = "data"
          ManagedBy   = "terraform"
      } -> null
      - tags_all    = {
          Name        = "shipping-staging"
          Environment = "dev"
          Team        = "data"
          ManagedBy   = "terraform"
      } -> null
      - id          = "shipping-staging-3232333" -> null
    }

  # module.identity.aws_iam_role.inventory_prod will be destroyed
  - resource "aws_iam_role" "inventory_prod" {
      - name                  = "inventory-prod" -> null
      - path                  = "/" -> null
      - max_session_duration  = 7200 -> null
      - assume_role_policy    = "{\"Version\": \"2012-10-17\", \"Statement\": [{\"Effect\": \"Allow\", \"Principal\": {\"Service\": \"ecs-tasks.amazonaws.com\"}, \"Action\": \"sts:AssumeRole\"}]}" -> null
      - force_detach_policies = false -> null
      - tags                  = {
          Name        = "inventory-prod"
          Environment = "prod"
          Team        = "platform"
          ManagedBy   = "terraform"
      } -> null
      - tags_all              = {
          Name        = "inventory-prod"
          Environment = "prod"
          Team        = "platform"
          ManagedBy   = "terraform"
      } -> null
      - id                    = "inventory-prod-8352116" -> null
    }

  # module.identity.aws_sqs_queue.profile_dev will be destroyed
  - resource "aws_sqs_queue" "profile_dev" {
      - name                       = "profile-dev.fifo" -> null
      - fifo_queue                 = true -> null
      - visibility_timeout_seconds = 300 -> null
      - message_retention_seconds  = 1209600 -> null
      - max_message_size           = 262144 -> null
      - tags                       = {
          Name        = "profile-dev"
          Environment = "staging"
          Team        = "web"
          ManagedBy   = "terraform"
      } -> null
      - tags_all                   = {
          Name        = "profile-dev"
          Environment = "staging"
          Team        = "web"
          ManagedBy   = "terraform"
      } -> null
      - id                         = "profile-dev-3545708" -> null
    }

  # module.search.aws_security_group.trace_staging will be destroyed
  - resource "aws_security_group" "trace_staging" {
      - name        = "trace-staging" -> null
      - description = "Security group for trace-staging" -> null
      - vpc_id      = "vpc-0349a7bb" -> null
      - ingress     = [
          {
              from_port   = 443
              to_port     = 443
              protocol    = "tcp"
              cidr_blocks = ["0.0.0.0/0"]
              description = "HTTPS"
          },
      ] -> null
      - egress      = [
          {
              from_port   = 0
              to_port     = 0
              protocol    = "-1"
              cidr_blocks = ["0.0.0.0/0"]
          },
      ] -> null
      - tags        = {
          Name        = "trace-staging"
          Environment = "prod"
          Team        = "search"
          ManagedBy   = "terraform"
      } -> null
      - tags_all    = {
          Name        = "trace-staging"
          Environment = "prod"
          Team        = "search"
          ManagedBy   = "terraform"
      } -> null
      - id          = "trace-staging-3822465" -> null
    }

  # module.web.aws_cloudwatch_log_group.recommend_staging will be destroyed
  - resource "aws_cloudwatch_log_group" "recommend_staging" {
      - name              = "/ecs/recommend-staging" -> null
      - retention_in_days = 30 -> null
      - skip_destroy      = false -> null
      - tags              = {
          Name        = "recommend-staging"
          Environment = "prod"
          Team        = "platform"
          ManagedBy   = "terraform"
      } -> null
      - tags_all          = {
          Name        = "recommend-staging"
          Environment = "prod"
          Team        = "platform"
          ManagedBy   = "terraform"
      } -> null
      - id                = "recommend-staging-9352907" -> null
    }

Plan: 9 to add, 5 to change, 10 to destroy.

Changes to Outputs:
  + alb_dns_name     = (known after apply)
  ~ cluster_endpoint = "old.cluster.local" -> "new.cluster.local"
  + db_password      = (known after apply)
